{"/home/sheddy/Desktop/Plp/mern/week-6-test-debug-assignment-shedrack-okunda/server/src/app.js": {"path":"/home/sheddy/Desktop/Plp/mern/week-6-test-debug-assignment-shedrack-okunda/server/src/app.js","statementMap":{"0":{"start":{"line":1,"column":16},"end":{"line":1,"column":34}},"1":{"start":{"line":2,"column":15},"end":{"line":2,"column":32}},"2":{"start":{"line":3,"column":19},"end":{"line":3,"column":43}},"3":{"start":{"line":4,"column":19},"end":{"line":4,"column":43}},"4":{"start":{"line":6,"column":0},"end":{"line":6,"column":16}},"5":{"start":{"line":8,"column":12},"end":{"line":8,"column":21}},"6":{"start":{"line":9,"column":0},"end":{"line":9,"column":24}},"7":{"start":{"line":12,"column":0},"end":{"line":12,"column":33}},"8":{"start":{"line":13,"column":0},"end":{"line":13,"column":34}},"9":{"start":{"line":15,"column":0},"end":{"line":15,"column":21}}},"fnMap":{},"branchMap":{},"s":{"0":2,"1":2,"2":2,"3":2,"4":2,"5":2,"6":2,"7":2,"8":2,"9":2},"f":{},"b":{},"_coverageSchema":"1a1c01bbd47fc00a2c39e90264f33305004495a9","hash":"0a9a21c292446fa6bb6b532ae1de7ce02723eba6"}
,"/home/sheddy/Desktop/Plp/mern/week-6-test-debug-assignment-shedrack-okunda/server/src/controllers/authController.js": {"path":"/home/sheddy/Desktop/Plp/mern/week-6-test-debug-assignment-shedrack-okunda/server/src/controllers/authController.js","statementMap":{"0":{"start":{"line":1,"column":13},"end":{"line":1,"column":38}},"1":{"start":{"line":2,"column":15},"end":{"line":2,"column":34}},"2":{"start":{"line":4,"column":17},"end":{"line":17,"column":1}},"3":{"start":{"line":5,"column":1},"end":{"line":16,"column":2}},"4":{"start":{"line":6,"column":30},"end":{"line":6,"column":38}},"5":{"start":{"line":7,"column":2},"end":{"line":7,"column":36}},"6":{"start":{"line":9,"column":25},"end":{"line":9,"column":56}},"7":{"start":{"line":11,"column":15},"end":{"line":11,"column":60}},"8":{"start":{"line":12,"column":2},"end":{"line":12,"column":20}},"9":{"start":{"line":13,"column":2},"end":{"line":13,"column":68}},"10":{"start":{"line":15,"column":2},"end":{"line":15,"column":51}},"11":{"start":{"line":19,"column":14},"end":{"line":32,"column":1}},"12":{"start":{"line":20,"column":1},"end":{"line":31,"column":2}},"13":{"start":{"line":21,"column":30},"end":{"line":21,"column":38}},"14":{"start":{"line":22,"column":15},"end":{"line":22,"column":44}},"15":{"start":{"line":24,"column":2},"end":{"line":26,"column":3}},"16":{"start":{"line":25,"column":3},"end":{"line":25,"column":67}},"17":{"start":{"line":28,"column":2},"end":{"line":28,"column":56}},"18":{"start":{"line":30,"column":2},"end":{"line":30,"column":51}},"19":{"start":{"line":34,"column":0},"end":{"line":34,"column":37}}},"fnMap":{"0":{"name":"(anonymous_0)","decl":{"start":{"line":4,"column":17},"end":{"line":4,"column":18}},"loc":{"start":{"line":4,"column":37},"end":{"line":17,"column":1}},"line":4},"1":{"name":"(anonymous_1)","decl":{"start":{"line":19,"column":14},"end":{"line":19,"column":15}},"loc":{"start":{"line":19,"column":34},"end":{"line":32,"column":1}},"line":19}},"branchMap":{"0":{"loc":{"start":{"line":24,"column":2},"end":{"line":26,"column":3}},"type":"if","locations":[{"start":{"line":24,"column":2},"end":{"line":26,"column":3}},{"start":{},"end":{}}],"line":24},"1":{"loc":{"start":{"line":24,"column":6},"end":{"line":24,"column":41}},"type":"binary-expr","locations":[{"start":{"line":24,"column":6},"end":{"line":24,"column":11}},{"start":{"line":24,"column":15},"end":{"line":24,"column":41}}],"line":24}},"s":{"0":2,"1":2,"2":2,"3":2,"4":2,"5":2,"6":2,"7":2,"8":2,"9":0,"10":2,"11":2,"12":2,"13":2,"14":2,"15":2,"16":2,"17":0,"18":0,"19":2},"f":{"0":2,"1":2},"b":{"0":[2,0],"1":[2,0]},"_coverageSchema":"1a1c01bbd47fc00a2c39e90264f33305004495a9","hash":"99db199f498dc64831aac2b23bc9346494cf3d28"}
,"/home/sheddy/Desktop/Plp/mern/week-6-test-debug-assignment-shedrack-okunda/server/src/controllers/postController.js": {"path":"/home/sheddy/Desktop/Plp/mern/week-6-test-debug-assignment-shedrack-okunda/server/src/controllers/postController.js","statementMap":{"0":{"start":{"line":1,"column":13},"end":{"line":1,"column":38}},"1":{"start":{"line":3,"column":17},"end":{"line":10,"column":1}},"2":{"start":{"line":4,"column":1},"end":{"line":9,"column":2}},"3":{"start":{"line":5,"column":16},"end":{"line":5,"column":64}},"4":{"start":{"line":6,"column":2},"end":{"line":6,"column":30}},"5":{"start":{"line":8,"column":2},"end":{"line":8,"column":51}},"6":{"start":{"line":12,"column":19},"end":{"line":27,"column":1}},"7":{"start":{"line":13,"column":1},"end":{"line":26,"column":2}},"8":{"start":{"line":14,"column":29},"end":{"line":14,"column":37}},"9":{"start":{"line":16,"column":18},"end":{"line":20,"column":4}},"10":{"start":{"line":22,"column":20},"end":{"line":22,"column":40}},"11":{"start":{"line":23,"column":2},"end":{"line":23,"column":34}},"12":{"start":{"line":25,"column":2},"end":{"line":25,"column":51}},"13":{"start":{"line":29,"column":0},"end":{"line":29,"column":42}}},"fnMap":{"0":{"name":"(anonymous_0)","decl":{"start":{"line":3,"column":17},"end":{"line":3,"column":18}},"loc":{"start":{"line":3,"column":37},"end":{"line":10,"column":1}},"line":3},"1":{"name":"(anonymous_1)","decl":{"start":{"line":12,"column":19},"end":{"line":12,"column":20}},"loc":{"start":{"line":12,"column":39},"end":{"line":27,"column":1}},"line":12}},"branchMap":{},"s":{"0":2,"1":2,"2":4,"3":4,"4":4,"5":0,"6":2,"7":2,"8":2,"9":2,"10":2,"11":1,"12":1,"13":2},"f":{"0":4,"1":2},"b":{},"_coverageSchema":"1a1c01bbd47fc00a2c39e90264f33305004495a9","hash":"a59662e30946a9724419a1b0fd81a3f1a5191ed0"}
,"/home/sheddy/Desktop/Plp/mern/week-6-test-debug-assignment-shedrack-okunda/server/src/middleware/authMiddleware.js": {"path":"/home/sheddy/Desktop/Plp/mern/week-6-test-debug-assignment-shedrack-okunda/server/src/middleware/authMiddleware.js","statementMap":{"0":{"start":{"line":1,"column":12},"end":{"line":1,"column":35}},"1":{"start":{"line":2,"column":13},"end":{"line":2,"column":38}},"2":{"start":{"line":4,"column":16},"end":{"line":21,"column":1}},"3":{"start":{"line":7,"column":1},"end":{"line":20,"column":2}},"4":{"start":{"line":8,"column":2},"end":{"line":17,"column":3}},"5":{"start":{"line":9,"column":3},"end":{"line":9,"column":51}},"6":{"start":{"line":10,"column":19},"end":{"line":10,"column":60}},"7":{"start":{"line":11,"column":3},"end":{"line":11,"column":66}},"8":{"start":{"line":12,"column":3},"end":{"line":12,"column":10}},"9":{"start":{"line":14,"column":3},"end":{"line":16,"column":55}},"10":{"start":{"line":19,"column":2},"end":{"line":19,"column":71}},"11":{"start":{"line":23,"column":0},"end":{"line":23,"column":29}}},"fnMap":{"0":{"name":"(anonymous_0)","decl":{"start":{"line":4,"column":16},"end":{"line":4,"column":17}},"loc":{"start":{"line":4,"column":42},"end":{"line":21,"column":1}},"line":4}},"branchMap":{"0":{"loc":{"start":{"line":7,"column":1},"end":{"line":20,"column":2}},"type":"if","locations":[{"start":{"line":7,"column":1},"end":{"line":20,"column":2}},{"start":{"line":18,"column":8},"end":{"line":20,"column":2}}],"line":7}},"s":{"0":2,"1":2,"2":2,"3":3,"4":2,"5":2,"6":2,"7":2,"8":2,"9":0,"10":1,"11":2},"f":{"0":3},"b":{"0":[2,1]},"_coverageSchema":"1a1c01bbd47fc00a2c39e90264f33305004495a9","hash":"fce5762ab8739bef32411385f824e7d510b16c85"}
,"/home/sheddy/Desktop/Plp/mern/week-6-test-debug-assignment-shedrack-okunda/server/src/models/Post.js": {"path":"/home/sheddy/Desktop/Plp/mern/week-6-test-debug-assignment-shedrack-okunda/server/src/models/Post.js","statementMap":{"0":{"start":{"line":1,"column":17},"end":{"line":1,"column":36}},"1":{"start":{"line":3,"column":19},"end":{"line":10,"column":1}},"2":{"start":{"line":12,"column":0},"end":{"line":12,"column":52}}},"fnMap":{},"branchMap":{},"s":{"0":2,"1":2,"2":2},"f":{},"b":{},"_coverageSchema":"1a1c01bbd47fc00a2c39e90264f33305004495a9","hash":"c698275abce681ee48fef3e884cef56dc5e6a242"}
,"/home/sheddy/Desktop/Plp/mern/week-6-test-debug-assignment-shedrack-okunda/server/src/models/User.js": {"path":"/home/sheddy/Desktop/Plp/mern/week-6-test-debug-assignment-shedrack-okunda/server/src/models/User.js","statementMap":{"0":{"start":{"line":1,"column":17},"end":{"line":1,"column":36}},"1":{"start":{"line":3,"column":19},"end":{"line":7,"column":2}},"2":{"start":{"line":9,"column":0},"end":{"line":9,"column":52}}},"fnMap":{},"branchMap":{},"s":{"0":2,"1":2,"2":2},"f":{},"b":{},"_coverageSchema":"1a1c01bbd47fc00a2c39e90264f33305004495a9","hash":"2f5d86ba24b01be3ba163a5dc5a60c5d1f63bcec"}
,"/home/sheddy/Desktop/Plp/mern/week-6-test-debug-assignment-shedrack-okunda/server/src/routes/auth.js": {"path":"/home/sheddy/Desktop/Plp/mern/week-6-test-debug-assignment-shedrack-okunda/server/src/routes/auth.js","statementMap":{"0":{"start":{"line":2,"column":16},"end":{"line":2,"column":34}},"1":{"start":{"line":3,"column":28},"end":{"line":3,"column":68}},"2":{"start":{"line":5,"column":15},"end":{"line":5,"column":31}},"3":{"start":{"line":7,"column":0},"end":{"line":7,"column":35}},"4":{"start":{"line":8,"column":0},"end":{"line":8,"column":29}},"5":{"start":{"line":10,"column":0},"end":{"line":10,"column":24}}},"fnMap":{},"branchMap":{},"s":{"0":2,"1":2,"2":2,"3":2,"4":2,"5":2},"f":{},"b":{},"_coverageSchema":"1a1c01bbd47fc00a2c39e90264f33305004495a9","hash":"9fbc0683c1858eaa7ea6b42bcc5d77d322e0caad"}
,"/home/sheddy/Desktop/Plp/mern/week-6-test-debug-assignment-shedrack-okunda/server/src/routes/post.js": {"path":"/home/sheddy/Desktop/Plp/mern/week-6-test-debug-assignment-shedrack-okunda/server/src/routes/post.js","statementMap":{"0":{"start":{"line":1,"column":16},"end":{"line":1,"column":34}},"1":{"start":{"line":2,"column":15},"end":{"line":2,"column":31}},"2":{"start":{"line":3,"column":33},"end":{"line":3,"column":73}},"3":{"start":{"line":4,"column":20},"end":{"line":4,"column":59}},"4":{"start":{"line":7,"column":0},"end":{"line":7,"column":26}},"5":{"start":{"line":10,"column":0},"end":{"line":10,"column":38}},"6":{"start":{"line":12,"column":0},"end":{"line":12,"column":24}}},"fnMap":{},"branchMap":{},"s":{"0":2,"1":2,"2":2,"3":2,"4":2,"5":2,"6":2},"f":{},"b":{},"_coverageSchema":"1a1c01bbd47fc00a2c39e90264f33305004495a9","hash":"33ab910e9adc21c8cd1b7adcbf75bdd3eedff7b0"}
,"/home/sheddy/Desktop/Plp/mern/week-6-test-debug-assignment-shedrack-okunda/server/src/utils/auth.js": {"path":"/home/sheddy/Desktop/Plp/mern/week-6-test-debug-assignment-shedrack-okunda/server/src/utils/auth.js","statementMap":{"0":{"start":{"line":1,"column":12},"end":{"line":1,"column":35}},"1":{"start":{"line":3,"column":22},"end":{"line":7,"column":1}},"2":{"start":{"line":4,"column":1},"end":{"line":6,"column":4}},"3":{"start":{"line":9,"column":0},"end":{"line":9,"column":35}}},"fnMap":{"0":{"name":"(anonymous_0)","decl":{"start":{"line":3,"column":22},"end":{"line":3,"column":23}},"loc":{"start":{"line":3,"column":34},"end":{"line":7,"column":1}},"line":3}},"branchMap":{},"s":{"0":1,"1":1,"2":2,"3":1},"f":{"0":2},"b":{},"_coverageSchema":"1a1c01bbd47fc00a2c39e90264f33305004495a9","hash":"3aa3c7b1927d899c16fda6178050df240be46fe3"}
}
