TN:
SF:src/app.js
FNF:0
FNH:0
DA:1,2
DA:2,2
DA:3,2
DA:4,2
DA:6,2
DA:8,2
DA:9,2
DA:12,2
DA:13,2
DA:15,2
LF:10
LH:10
BRF:0
BRH:0
end_of_record
TN:
SF:src/controllers/authController.js
FN:4,(anonymous_0)
FN:19,(anonymous_1)
FNF:2
FNH:2
FNDA:2,(anonymous_0)
FNDA:2,(anonymous_1)
DA:1,2
DA:2,2
DA:4,2
DA:5,2
DA:6,2
DA:7,2
DA:9,2
DA:11,2
DA:12,2
DA:13,0
DA:15,2
DA:19,2
DA:20,2
DA:21,2
DA:22,2
DA:24,2
DA:25,2
DA:28,0
DA:30,0
DA:34,2
LF:20
LH:17
BRDA:24,0,0,2
BRDA:24,0,1,0
BRDA:24,1,0,2
BRDA:24,1,1,0
BRF:4
BRH:2
end_of_record
TN:
SF:src/controllers/postController.js
FN:3,(anonymous_0)
FN:12,(anonymous_1)
FNF:2
FNH:2
FNDA:4,(anonymous_0)
FNDA:2,(anonymous_1)
DA:1,2
DA:3,2
DA:4,4
DA:5,4
DA:6,4
DA:8,0
DA:12,2
DA:13,2
DA:14,2
DA:16,2
DA:22,2
DA:23,1
DA:25,1
DA:29,2
LF:14
LH:13
BRF:0
BRH:0
end_of_record
TN:
SF:src/middleware/authMiddleware.js
FN:4,(anonymous_0)
FNF:1
FNH:1
FNDA:3,(anonymous_0)
DA:1,2
DA:2,2
DA:4,2
DA:7,3
DA:8,2
DA:9,2
DA:10,2
DA:11,2
DA:12,2
DA:14,0
DA:19,1
DA:23,2
LF:12
LH:11
BRDA:7,0,0,2
BRDA:7,0,1,1
BRF:2
BRH:2
end_of_record
TN:
SF:src/models/Post.js
FNF:0
FNH:0
DA:1,2
DA:3,2
DA:12,2
LF:3
LH:3
BRF:0
BRH:0
end_of_record
TN:
SF:src/models/User.js
FNF:0
FNH:0
DA:1,2
DA:3,2
DA:9,2
LF:3
LH:3
BRF:0
BRH:0
end_of_record
TN:
SF:src/routes/auth.js
FNF:0
FNH:0
DA:2,2
DA:3,2
DA:5,2
DA:7,2
DA:8,2
DA:10,2
LF:6
LH:6
BRF:0
BRH:0
end_of_record
TN:
SF:src/routes/post.js
FNF:0
FNH:0
DA:1,2
DA:2,2
DA:3,2
DA:4,2
DA:7,2
DA:10,2
DA:12,2
LF:7
LH:7
BRF:0
BRH:0
end_of_record
TN:
SF:src/utils/auth.js
FN:3,(anonymous_0)
FNF:1
FNH:1
FNDA:2,(anonymous_0)
DA:1,1
DA:3,1
DA:4,2
DA:9,1
LF:4
LH:4
BRF:0
BRH:0
end_of_record
