{"/home/sheddy/Desktop/Plp/mern/week-6-test-debug-assignment-shedrack-okunda/client/src/components/Button.jsx": {"path":"/home/sheddy/Desktop/Plp/mern/week-6-test-debug-assignment-shedrack-okunda/client/src/components/Button.jsx","statementMap":{"0":{"start":{"line":4,"column":15},"end":{"line":42,"column":1}},"1":{"start":{"line":14,"column":24},"end":{"line":17,"column":2}},"2":{"start":{"line":19,"column":21},"end":{"line":23,"column":2}},"3":{"start":{"line":25,"column":21},"end":{"line":25,"column":50}},"4":{"start":{"line":27,"column":1},"end":{"line":41,"column":3}},"5":{"start":{"line":44,"column":0},"end":{"line":52,"column":2}}},"fnMap":{"0":{"name":"(anonymous_0)","decl":{"start":{"line":4,"column":15},"end":{"line":4,"column":16}},"loc":{"start":{"line":13,"column":6},"end":{"line":42,"column":1}},"line":13}},"branchMap":{"0":{"loc":{"start":{"line":7,"column":1},"end":{"line":7,"column":16}},"type":"default-arg","locations":[{"start":{"line":7,"column":8},"end":{"line":7,"column":16}}],"line":7},"1":{"loc":{"start":{"line":8,"column":1},"end":{"line":8,"column":17}},"type":"default-arg","locations":[{"start":{"line":8,"column":12},"end":{"line":8,"column":17}}],"line":8},"2":{"loc":{"start":{"line":9,"column":1},"end":{"line":9,"column":20}},"type":"default-arg","locations":[{"start":{"line":9,"column":11},"end":{"line":9,"column":20}}],"line":9},"3":{"loc":{"start":{"line":10,"column":1},"end":{"line":10,"column":12}},"type":"default-arg","locations":[{"start":{"line":10,"column":8},"end":{"line":10,"column":12}}],"line":10},"4":{"loc":{"start":{"line":11,"column":1},"end":{"line":11,"column":15}},"type":"default-arg","locations":[{"start":{"line":11,"column":13},"end":{"line":11,"column":15}}],"line":11},"5":{"loc":{"start":{"line":36,"column":4},"end":{"line":36,"column":34}},"type":"cond-expr","locations":[{"start":{"line":36,"column":15},"end":{"line":36,"column":29}},{"start":{"line":36,"column":32},"end":{"line":36,"column":34}}],"line":36}},"s":{"0":1,"1":12,"2":12,"3":12,"4":12,"5":1},"f":{"0":12},"b":{"0":[12],"1":[10],"2":[9],"3":[9],"4":[11],"5":[2,10]},"_coverageSchema":"1a1c01bbd47fc00a2c39e90264f33305004495a9","hash":"87ec0325a74027cb998fa260894b41609c097408"}
,"/home/sheddy/Desktop/Plp/mern/week-6-test-debug-assignment-shedrack-okunda/client/src/components/LoginForm.jsx": {"path":"/home/sheddy/Desktop/Plp/mern/week-6-test-debug-assignment-shedrack-okunda/client/src/components/LoginForm.jsx","statementMap":{"0":{"start":{"line":3,"column":18},"end":{"line":88,"column":1}},"1":{"start":{"line":4,"column":27},"end":{"line":4,"column":39}},"2":{"start":{"line":5,"column":33},"end":{"line":5,"column":45}},"3":{"start":{"line":6,"column":31},"end":{"line":6,"column":43}},"4":{"start":{"line":7,"column":27},"end":{"line":7,"column":39}},"5":{"start":{"line":9,"column":22},"end":{"line":39,"column":2}},"6":{"start":{"line":10,"column":2},"end":{"line":10,"column":21}},"7":{"start":{"line":11,"column":2},"end":{"line":11,"column":17}},"8":{"start":{"line":12,"column":2},"end":{"line":12,"column":15}},"9":{"start":{"line":14,"column":2},"end":{"line":17,"column":3}},"10":{"start":{"line":15,"column":3},"end":{"line":15,"column":39}},"11":{"start":{"line":16,"column":3},"end":{"line":16,"column":10}},"12":{"start":{"line":19,"column":2},"end":{"line":38,"column":3}},"13":{"start":{"line":20,"column":20},"end":{"line":27,"column":4}},"14":{"start":{"line":29,"column":16},"end":{"line":29,"column":37}},"15":{"start":{"line":31,"column":3},"end":{"line":33,"column":4}},"16":{"start":{"line":32,"column":4},"end":{"line":32,"column":52}},"17":{"start":{"line":35,"column":3},"end":{"line":35,"column":34}},"18":{"start":{"line":37,"column":3},"end":{"line":37,"column":25}},"19":{"start":{"line":41,"column":1},"end":{"line":87,"column":3}},"20":{"start":{"line":64,"column":22},"end":{"line":64,"column":46}},"21":{"start":{"line":75,"column":22},"end":{"line":75,"column":49}}},"fnMap":{"0":{"name":"(anonymous_0)","decl":{"start":{"line":3,"column":18},"end":{"line":3,"column":19}},"loc":{"start":{"line":3,"column":24},"end":{"line":88,"column":1}},"line":3},"1":{"name":"(anonymous_1)","decl":{"start":{"line":9,"column":22},"end":{"line":9,"column":23}},"loc":{"start":{"line":9,"column":35},"end":{"line":39,"column":2}},"line":9},"2":{"name":"(anonymous_2)","decl":{"start":{"line":64,"column":15},"end":{"line":64,"column":16}},"loc":{"start":{"line":64,"column":22},"end":{"line":64,"column":46}},"line":64},"3":{"name":"(anonymous_3)","decl":{"start":{"line":75,"column":15},"end":{"line":75,"column":16}},"loc":{"start":{"line":75,"column":22},"end":{"line":75,"column":49}},"line":75}},"branchMap":{"0":{"loc":{"start":{"line":14,"column":2},"end":{"line":17,"column":3}},"type":"if","locations":[{"start":{"line":14,"column":2},"end":{"line":17,"column":3}},{"start":{},"end":{}}],"line":14},"1":{"loc":{"start":{"line":14,"column":6},"end":{"line":14,"column":25}},"type":"binary-expr","locations":[{"start":{"line":14,"column":6},"end":{"line":14,"column":12}},{"start":{"line":14,"column":16},"end":{"line":14,"column":25}}],"line":14},"2":{"loc":{"start":{"line":31,"column":3},"end":{"line":33,"column":4}},"type":"if","locations":[{"start":{"line":31,"column":3},"end":{"line":33,"column":4}},{"start":{},"end":{}}],"line":31},"3":{"loc":{"start":{"line":32,"column":20},"end":{"line":32,"column":50}},"type":"binary-expr","locations":[{"start":{"line":32,"column":20},"end":{"line":32,"column":32}},{"start":{"line":32,"column":36},"end":{"line":32,"column":50}}],"line":32},"4":{"loc":{"start":{"line":48,"column":4},"end":{"line":52,"column":4}},"type":"binary-expr","locations":[{"start":{"line":48,"column":4},"end":{"line":48,"column":9}},{"start":{"line":49,"column":4},"end":{"line":51,"column":10}}],"line":48},"5":{"loc":{"start":{"line":53,"column":4},"end":{"line":57,"column":4}},"type":"binary-expr","locations":[{"start":{"line":53,"column":4},"end":{"line":53,"column":11}},{"start":{"line":54,"column":4},"end":{"line":56,"column":10}}],"line":53}},"s":{"0":1,"1":12,"2":12,"3":12,"4":12,"5":12,"6":3,"7":3,"8":3,"9":3,"10":1,"11":1,"12":2,"13":2,"14":2,"15":2,"16":1,"17":1,"18":1,"19":12,"20":2,"21":2},"f":{"0":12,"1":3,"2":2,"3":2},"b":{"0":[1,2],"1":[3,2],"2":[1,1],"3":[1,0],"4":[12,2],"5":[12,1]},"_coverageSchema":"1a1c01bbd47fc00a2c39e90264f33305004495a9","hash":"11394971e41d5bb901abf491a630fc57a0f3f90a"}
}
