TN:
SF:src/components/Button.jsx
FN:4,(anonymous_0)
FNF:1
FNH:1
FNDA:12,(anonymous_0)
DA:4,1
DA:14,12
DA:19,12
DA:25,12
DA:27,12
DA:44,1
LF:6
LH:6
BRDA:7,0,0,12
BRDA:8,1,0,10
BRDA:9,2,0,9
BRDA:10,3,0,9
BRDA:11,4,0,11
BRDA:36,5,0,2
BRDA:36,5,1,10
BRF:7
BRH:7
end_of_record
TN:
SF:src/components/LoginForm.jsx
FN:3,(anonymous_0)
FN:9,(anonymous_1)
FN:64,(anonymous_2)
FN:75,(anonymous_3)
FNF:4
FNH:4
FNDA:12,(anonymous_0)
FNDA:3,(anonymous_1)
FNDA:2,(anonymous_2)
FNDA:2,(anonymous_3)
DA:3,1
DA:4,12
DA:5,12
DA:6,12
DA:7,12
DA:9,12
DA:10,3
DA:11,3
DA:12,3
DA:14,3
DA:15,1
DA:16,1
DA:19,2
DA:20,2
DA:29,2
DA:31,2
DA:32,1
DA:35,1
DA:37,1
DA:41,12
DA:64,2
DA:75,2
LF:22
LH:22
BRDA:14,0,0,1
BRDA:14,0,1,2
BRDA:14,1,0,3
BRDA:14,1,1,2
BRDA:31,2,0,1
BRDA:31,2,1,1
BRDA:32,3,0,1
BRDA:32,3,1,0
BRDA:48,4,0,12
BRDA:48,4,1,2
BRDA:53,5,0,12
BRDA:53,5,1,1
BRF:12
BRH:11
end_of_record
